<?xml version="1.0" encoding="UTF-8"?>
<!-- Generated by org.testng.reporters.JUnitReportReporter -->
<testsuite hostname="SP02-LPT-0034" name="com.example.test.TestMainMethod" tests="1" failures="0" timestamp="6 Aug 2018 11:46:48 GMT" time="185.158" errors="0">
  <testcase name="SonomaTest" time="185.158" classname="com.example.test.TestMainMethod"/>
</testsuite> <!-- com.example.test.TestMainMethod -->
