<?xml version="1.0" encoding="UTF-8"?>
<!-- Generated by org.testng.reporters.JUnitReportReporter -->
<testsuite hostname="SP02-LPT-0034" name="com.example.test.NisumTest" tests="1" failures="0" timestamp="6 Aug 2018 12:27:22 GMT" time="96.444" errors="0">
  <testcase name="SonomaTest" time="96.444" classname="com.example.test.NisumTest"/>
</testsuite> <!-- com.example.test.NisumTest -->
